<?xml version="1.0" encoding="UTF-8"?>
<!-- Generated by org.testng.reporters.JUnitXMLReporter -->
<testsuite hostname="DESKTOP-BANMRF7" ignored="0" name="Default test(failed)" tests="1" failures="1" timestamp="24 Apr 2022 06:00:27 GMT" time="9.909" errors="0">
  <testcase name="loginFunctionality" time="0.0" classname="org.testngg.SirClass">
    <failure type="org.testng.TestNGException" message="
Parameter &amp;apos;username&amp;apos; is required by @Test on method loginFunctionality but has not been marked @Optional or defined
in C:\Users\HP\eclipse-workspace\AxisBank1\test-output\Default suite\testng-failed.xml">
      <![CDATA[org.testng.TestNGException: 
Parameter 'username' is required by @Test on method loginFunctionality but has not been marked @Optional or defined
in C:\Users\HP\eclipse-workspace\AxisBank1\test-output\Default suite\testng-failed.xml
... Removed 24 stack frames]]>
    </failure>
  </testcase> <!-- loginFunctionality -->
</testsuite> <!-- Default test(failed) -->
